<?xml version="1.0" encoding="UTF-8"?>
<testng-results skipped="0" failed="1" ignored="0" total="2" passed="1">
  <reporter-output>
  </reporter-output>
  <suite name="Clock-Test-Suite" duration-ms="49287" started-at="2022-08-12T11:24:41 ICT" finished-at="2022-08-12T11:25:30 ICT">
    <groups>
      <group name="cucumber">
        <method signature="TestRunner.scenario(io.cucumber.testng.PickleWrapper,io.cucumber.testng.FeatureWrapper)[pri:0, instance:cucumber.tests.TestRunner@11acdc30]" name="scenario" class="cucumber.tests.TestRunner"/>
        <method signature="TestRunner.scenario(io.cucumber.testng.PickleWrapper,io.cucumber.testng.FeatureWrapper)[pri:0, instance:cucumber.tests.TestRunner@1133ec6e]" name="scenario" class="cucumber.tests.TestRunner"/>
      </group> <!-- cucumber -->
    </groups>
    <test name="127.0.0.1:21503" duration-ms="47024" started-at="2022-08-12T11:24:41 ICT" finished-at="2022-08-12T11:25:28 ICT">
      <class name="cucumber.tests.TestRunner">
        <test-method status="PASS" signature="setUpClass()[pri:0, instance:cucumber.tests.TestRunner@11acdc30]" name="setUpClass" is-config="true" duration-ms="2397" started-at="2022-08-12T11:24:41 ICT" finished-at="2022-08-12T11:24:43 ICT">
          <reporter-output>
          </reporter-output>
        </test-method> <!-- setUpClass -->
        <test-method status="PASS" signature="setup(java.lang.String,java.lang.String)[pri:0, instance:cucumber.tests.TestRunner@11acdc30]" name="setup" is-config="true" duration-ms="25756" started-at="2022-08-12T11:24:43 ICT" finished-at="2022-08-12T11:25:09 ICT">
          <params>
            <param index="0">
              <value>
                <![CDATA[127.0.0.1:21503]]>
              </value>
            </param>
            <param index="1">
              <value>
                <![CDATA[11]]>
              </value>
            </param>
          </params>
          <reporter-output>
          </reporter-output>
        </test-method> <!-- setup -->
        <test-method status="PASS" signature="scenario(io.cucumber.testng.PickleWrapper,io.cucumber.testng.FeatureWrapper)[pri:0, instance:cucumber.tests.TestRunner@11acdc30]" name="scenario" duration-ms="13822" started-at="2022-08-12T11:25:10 ICT" description="Run Cucumber Features." data-provider="scenarios" finished-at="2022-08-12T11:25:24 ICT">
          <params>
            <param index="0">
              <value>
                <![CDATA["User can set alarm to 05.30AM"]]>
              </value>
            </param>
            <param index="1">
              <value>
                <![CDATA["Optional[Alarm]"]]>
              </value>
            </param>
          </params>
          <reporter-output>
          </reporter-output>
        </test-method> <!-- scenario -->
        <test-method status="PASS" signature="teardown()[pri:0, instance:cucumber.tests.TestRunner@11acdc30]" name="teardown" is-config="true" duration-ms="2002" started-at="2022-08-12T11:25:24 ICT" finished-at="2022-08-12T11:25:26 ICT">
          <reporter-output>
          </reporter-output>
        </test-method> <!-- teardown -->
        <test-method status="PASS" signature="tearDownClass()[pri:0, instance:cucumber.tests.TestRunner@11acdc30]" name="tearDownClass" is-config="true" duration-ms="2299" started-at="2022-08-12T11:25:26 ICT" finished-at="2022-08-12T11:25:28 ICT">
          <reporter-output>
          </reporter-output>
        </test-method> <!-- tearDownClass -->
      </class> <!-- cucumber.tests.TestRunner -->
    </test> <!-- 127.0.0.1:21503 -->
    <test name="RR8R20CTGBP" duration-ms="49287" started-at="2022-08-12T11:24:41 ICT" finished-at="2022-08-12T11:25:30 ICT">
      <class name="cucumber.tests.TestRunner">
        <test-method status="PASS" signature="setUpClass()[pri:0, instance:cucumber.tests.TestRunner@1133ec6e]" name="setUpClass" is-config="true" duration-ms="2404" started-at="2022-08-12T11:24:41 ICT" finished-at="2022-08-12T11:24:43 ICT">
          <reporter-output>
          </reporter-output>
        </test-method> <!-- setUpClass -->
        <test-method status="PASS" signature="setup(java.lang.String,java.lang.String)[pri:0, instance:cucumber.tests.TestRunner@1133ec6e]" name="setup" is-config="true" duration-ms="28265" started-at="2022-08-12T11:24:43 ICT" finished-at="2022-08-12T11:25:12 ICT">
          <params>
            <param index="0">
              <value>
                <![CDATA[RR8R20CTGBP]]>
              </value>
            </param>
            <param index="1">
              <value>
                <![CDATA[11]]>
              </value>
            </param>
          </params>
          <reporter-output>
          </reporter-output>
        </test-method> <!-- setup -->
        <test-method status="FAIL" signature="scenario(io.cucumber.testng.PickleWrapper,io.cucumber.testng.FeatureWrapper)[pri:0, instance:cucumber.tests.TestRunner@1133ec6e]" name="scenario" duration-ms="15355" started-at="2022-08-12T11:25:12 ICT" description="Run Cucumber Features." data-provider="scenarios" finished-at="2022-08-12T11:25:27 ICT">
          <params>
            <param index="0">
              <value>
                <![CDATA["User can set alarm to 05.30AM"]]>
              </value>
            </param>
            <param index="1">
              <value>
                <![CDATA["Optional[Alarm]"]]>
              </value>
            </param>
          </params>
          <exception class="org.openqa.selenium.TimeoutException">
            <message>
              <![CDATA[Expected condition failed: waiting for visibility of element located by By.xpath: //android.widget.TextView[@content-desc="5 o'clock"] (tried for 5 second(s) with 500 milliseconds interval)]]>
            </message>
            <full-stacktrace>
              <![CDATA[org.openqa.selenium.TimeoutException: Expected condition failed: waiting for visibility of element located by By.xpath: //android.widget.TextView[@content-desc="5 o'clock"] (tried for 5 second(s) with 500 milliseconds interval)
at org.openqa.selenium.support.ui.WebDriverWait.timeoutException(WebDriverWait.java:95)
at org.openqa.selenium.support.ui.FluentWait.until(FluentWait.java:272)
at screens.BaseScreen.waitAndClick(BaseScreen.java:21)
at screens.setAlarm.SelectFive(setAlarm.java:47)
at cucumber.steps.JobsDetailsSteps.User_choose_5_when_select_time(JobsDetailsSteps.java:38)
at âœ½.User choose 5 when select time(file:///C:/IdeaProjects/Parallel_Mobile_Integrate_Pipeline_Jenkins/src/test/java/cucumber/features/Clock.feature:6)
Caused by: org.openqa.selenium.NoSuchElementException: An element could not be located on the page using the given search parameters.
For documentation on this error, please visit: https://www.seleniumhq.org/exceptions/no_such_element.html
Build info: version: '3.141.59', revision: 'e82be7d358', time: '2018-11-14T08:17:03'
System info: host: 'DESKTOP-T3FFUFN', ip: '192.168.197.77', os.name: 'Windows 10', os.arch: 'amd64', os.version: '10.0', java.version: '1.8.0_311'
Driver info: io.appium.java_client.android.AndroidDriver
Capabilities {appActivity: com.android.deskclock.DeskC..., appPackage: com.google.android.deskclock, databaseEnabled: false, desired: {appActivity: com.android.deskclock.DeskC..., appPackage: com.google.android.deskclock, noReset: false, platformName: android, platformVersion: 11, skipUnlock: true, udid: RR8R20CTGBP}, deviceApiLevel: 31, deviceManufacturer: samsung, deviceModel: SM-A217F, deviceName: RR8R20CTGBP, deviceScreenDensity: 280, deviceScreenSize: 720x1600, deviceUDID: RR8R20CTGBP, javascriptEnabled: true, locationContextEnabled: false, networkConnectionEnabled: true, noReset: false, pixelRatio: 1.75, platform: LINUX, platformName: Android, platformVersion: 12, skipUnlock: true, statBarHeight: 68, takesScreenshot: true, udid: RR8R20CTGBP, viewportRect: {height: 1380, left: 0, top: 68, width: 720}, warnings: {}, webStorageEnabled: false}
Session ID: cedc0bfa-2cee-4907-863a-3512070c56bf
*** Element info: {Using=xpath, value=//android.widget.TextView[@content-desc="5 o'clock"]}
at sun.reflect.NativeConstructorAccessorImpl.newInstance0(Native Method)
at sun.reflect.NativeConstructorAccessorImpl.newInstance(NativeConstructorAccessorImpl.java:62)
at sun.reflect.DelegatingConstructorAccessorImpl.newInstance(DelegatingConstructorAccessorImpl.java:45)
at java.lang.reflect.Constructor.newInstance(Constructor.java:423)
at org.openqa.selenium.remote.http.W3CHttpResponseCodec.createException(W3CHttpResponseCodec.java:187)
at org.openqa.selenium.remote.http.W3CHttpResponseCodec.decode(W3CHttpResponseCodec.java:122)
at org.openqa.selenium.remote.http.W3CHttpResponseCodec.decode(W3CHttpResponseCodec.java:49)
at org.openqa.selenium.remote.HttpCommandExecutor.execute(HttpCommandExecutor.java:158)
at io.appium.java_client.remote.AppiumCommandExecutor.execute(AppiumCommandExecutor.java:247)
at org.openqa.selenium.remote.RemoteWebDriver.execute(RemoteWebDriver.java:552)
at io.appium.java_client.DefaultGenericMobileDriver.execute(DefaultGenericMobileDriver.java:41)
at io.appium.java_client.AppiumDriver.execute(AppiumDriver.java:1)
at io.appium.java_client.android.AndroidDriver.execute(AndroidDriver.java:1)
at org.openqa.selenium.remote.RemoteWebDriver.findElement(RemoteWebDriver.java:323)
at io.appium.java_client.DefaultGenericMobileDriver.findElement(DefaultGenericMobileDriver.java:61)
at io.appium.java_client.AppiumDriver.findElement(AppiumDriver.java:1)
at io.appium.java_client.android.AndroidDriver.findElement(AndroidDriver.java:1)
at org.openqa.selenium.remote.RemoteWebDriver.findElementByXPath(RemoteWebDriver.java:428)
at io.appium.java_client.DefaultGenericMobileDriver.findElementByXPath(DefaultGenericMobileDriver.java:151)
at io.appium.java_client.AppiumDriver.findElementByXPath(AppiumDriver.java:1)
at io.appium.java_client.android.AndroidDriver.findElementByXPath(AndroidDriver.java:1)
at org.openqa.selenium.By$ByXPath.findElement(By.java:353)
at org.openqa.selenium.remote.RemoteWebDriver.findElement(RemoteWebDriver.java:315)
at io.appium.java_client.DefaultGenericMobileDriver.findElement(DefaultGenericMobileDriver.java:57)
at io.appium.java_client.AppiumDriver.findElement(AppiumDriver.java:1)
at io.appium.java_client.android.AndroidDriver.findElement(AndroidDriver.java:1)
at org.openqa.selenium.support.ui.ExpectedConditions$7.apply(ExpectedConditions.java:205)
at org.openqa.selenium.support.ui.ExpectedConditions$7.apply(ExpectedConditions.java:201)
at org.openqa.selenium.support.ui.FluentWait.until(FluentWait.java:249)
at screens.BaseScreen.waitAndClick(BaseScreen.java:21)
at screens.setAlarm.SelectFive(setAlarm.java:47)
at cucumber.steps.JobsDetailsSteps.User_choose_5_when_select_time(JobsDetailsSteps.java:38)
at sun.reflect.NativeMethodAccessorImpl.invoke0(Native Method)
at sun.reflect.NativeMethodAccessorImpl.invoke(NativeMethodAccessorImpl.java:62)
at sun.reflect.DelegatingMethodAccessorImpl.invoke(DelegatingMethodAccessorImpl.java:43)
at java.lang.reflect.Method.invoke(Method.java:498)
at io.cucumber.java.Invoker.doInvoke(Invoker.java:66)
at io.cucumber.java.Invoker.invoke(Invoker.java:24)
at io.cucumber.java.AbstractGlueDefinition.invokeMethod(AbstractGlueDefinition.java:47)
at io.cucumber.java.JavaStepDefinition.execute(JavaStepDefinition.java:29)
at io.cucumber.core.runner.CoreStepDefinition.execute(CoreStepDefinition.java:66)
at io.cucumber.core.runner.PickleStepDefinitionMatch.runStep(PickleStepDefinitionMatch.java:63)
at io.cucumber.core.runner.ExecutionMode$1.execute(ExecutionMode.java:10)
at io.cucumber.core.runner.TestStep.executeStep(TestStep.java:92)
at io.cucumber.core.runner.TestStep.run(TestStep.java:64)
at io.cucumber.core.runner.PickleStepTestStep.run(PickleStepTestStep.java:51)
at io.cucumber.core.runner.TestCase.run(TestCase.java:104)
at io.cucumber.core.runner.Runner.runPickle(Runner.java:73)
at io.cucumber.testng.TestNGCucumberRunner.lambda$runScenario$0(TestNGCucumberRunner.java:117)
at io.cucumber.core.runtime.CucumberExecutionContext.runTestCase(CucumberExecutionContext.java:117)
at io.cucumber.testng.TestNGCucumberRunner.runScenario(TestNGCucumberRunner.java:114)
at cucumber.tests.TestRunner.scenario(TestRunner.java:31)
at sun.reflect.NativeMethodAccessorImpl.invoke0(Native Method)
at sun.reflect.NativeMethodAccessorImpl.invoke(NativeMethodAccessorImpl.java:62)
at sun.reflect.DelegatingMethodAccessorImpl.invoke(DelegatingMethodAccessorImpl.java:43)
at java.lang.reflect.Method.invoke(Method.java:498)
at org.testng.internal.MethodInvocationHelper.invokeMethod(MethodInvocationHelper.java:133)
at org.testng.internal.TestInvoker.invokeMethod(TestInvoker.java:598)
at org.testng.internal.TestInvoker.invokeTestMethod(TestInvoker.java:173)
at org.testng.internal.MethodRunner.runInSequence(MethodRunner.java:46)
at org.testng.internal.TestInvoker$MethodInvocationAgent.invoke(TestInvoker.java:824)
at org.testng.internal.TestInvoker.invokeTestMethods(TestInvoker.java:146)
at org.testng.internal.TestMethodWorker.invokeTestMethods(TestMethodWorker.java:146)
at org.testng.internal.TestMethodWorker.run(TestMethodWorker.java:128)
at java.util.ArrayList.forEach(ArrayList.java:1259)
at org.testng.TestRunner.privateRun(TestRunner.java:794)
at org.testng.TestRunner.run(TestRunner.java:596)
at org.testng.SuiteRunner.runTest(SuiteRunner.java:377)
at org.testng.SuiteRunner.access$000(SuiteRunner.java:28)
at org.testng.SuiteRunner$SuiteWorker.run(SuiteRunner.java:418)
at org.testng.internal.thread.ThreadUtil.lambda$execute$0(ThreadUtil.java:64)
at java.util.concurrent.FutureTask.run(FutureTask.java:266)
at java.util.concurrent.ThreadPoolExecutor.runWorker(ThreadPoolExecutor.java:1149)
at java.util.concurrent.ThreadPoolExecutor$Worker.run(ThreadPoolExecutor.java:624)
at java.lang.Thread.run(Thread.java:748)
]]>
            </full-stacktrace>
          </exception> <!-- org.openqa.selenium.TimeoutException -->
          <reporter-output>
          </reporter-output>
        </test-method> <!-- scenario -->
        <test-method status="PASS" signature="teardown()[pri:0, instance:cucumber.tests.TestRunner@1133ec6e]" name="teardown" is-config="true" duration-ms="2001" started-at="2022-08-12T11:25:27 ICT" finished-at="2022-08-12T11:25:29 ICT">
          <reporter-output>
          </reporter-output>
        </test-method> <!-- teardown -->
        <test-method status="PASS" signature="tearDownClass()[pri:0, instance:cucumber.tests.TestRunner@1133ec6e]" name="tearDownClass" is-config="true" duration-ms="924" started-at="2022-08-12T11:25:29 ICT" finished-at="2022-08-12T11:25:30 ICT">
          <reporter-output>
          </reporter-output>
        </test-method> <!-- tearDownClass -->
      </class> <!-- cucumber.tests.TestRunner -->
    </test> <!-- RR8R20CTGBP -->
  </suite> <!-- Clock-Test-Suite -->
</testng-results>
