<?xml version="1.0" encoding="UTF-8"?>
<testng-results skipped="0" failed="0" ignored="0" total="4" passed="4">
  <reporter-output>
  </reporter-output>
  <suite name="Clock-Test-Suite" duration-ms="78145" started-at="2022-08-13T00:03:50 ICT" finished-at="2022-08-13T00:05:09 ICT">
    <groups>
      <group name="cucumber">
        <method signature="TestRunner.scenario(io.cucumber.testng.PickleWrapper,io.cucumber.testng.FeatureWrapper)[pri:0, instance:cucumber.tests.TestRunner@76a82f33]" name="scenario" class="cucumber.tests.TestRunner"/>
        <method signature="TestRunner.scenario(io.cucumber.testng.PickleWrapper,io.cucumber.testng.FeatureWrapper)[pri:0, instance:cucumber.tests.TestRunner@24f360b2]" name="scenario" class="cucumber.tests.TestRunner"/>
      </group> <!-- cucumber -->
    </groups>
    <test name="127.0.0.1:21503" duration-ms="73642" started-at="2022-08-13T00:03:50 ICT" finished-at="2022-08-13T00:05:04 ICT">
      <class name="cucumber.tests.TestRunner">
        <test-method status="PASS" signature="setUpClass()[pri:0, instance:cucumber.tests.TestRunner@76a82f33]" name="setUpClass" is-config="true" duration-ms="2198" started-at="2022-08-13T00:03:51 ICT" finished-at="2022-08-13T00:03:53 ICT">
          <reporter-output>
          </reporter-output>
        </test-method> <!-- setUpClass -->
        <test-method status="PASS" signature="setup(java.lang.String,java.lang.String)[pri:0, instance:cucumber.tests.TestRunner@76a82f33]" name="setup" is-config="true" duration-ms="19727" started-at="2022-08-13T00:03:53 ICT" finished-at="2022-08-13T00:04:12 ICT">
          <params>
            <param index="0">
              <value>
                <![CDATA[127.0.0.1:21503]]>
              </value>
            </param>
            <param index="1">
              <value>
                <![CDATA[11]]>
              </value>
            </param>
          </params>
          <reporter-output>
          </reporter-output>
        </test-method> <!-- setup -->
        <test-method status="PASS" signature="scenario(io.cucumber.testng.PickleWrapper,io.cucumber.testng.FeatureWrapper)[pri:0, instance:cucumber.tests.TestRunner@76a82f33]" name="scenario" duration-ms="12806" started-at="2022-08-13T00:04:12 ICT" description="Run Cucumber Features." data-provider="scenarios" finished-at="2022-08-13T00:04:25 ICT">
          <params>
            <param index="0">
              <value>
                <![CDATA["User can set alarm to 05.30AM"]]>
              </value>
            </param>
            <param index="1">
              <value>
                <![CDATA["Optional[Set Alarm]"]]>
              </value>
            </param>
          </params>
          <reporter-output>
          </reporter-output>
        </test-method> <!-- scenario -->
        <test-method status="PASS" signature="teardown()[pri:0, instance:cucumber.tests.TestRunner@76a82f33]" name="teardown" is-config="true" duration-ms="2003" started-at="2022-08-13T00:04:25 ICT" finished-at="2022-08-13T00:04:27 ICT">
          <reporter-output>
          </reporter-output>
        </test-method> <!-- teardown -->
        <test-method status="PASS" signature="setup(java.lang.String,java.lang.String)[pri:0, instance:cucumber.tests.TestRunner@76a82f33]" name="setup" is-config="true" duration-ms="14173" started-at="2022-08-13T00:04:27 ICT" finished-at="2022-08-13T00:04:42 ICT">
          <params>
            <param index="0">
              <value>
                <![CDATA[127.0.0.1:21503]]>
              </value>
            </param>
            <param index="1">
              <value>
                <![CDATA[11]]>
              </value>
            </param>
          </params>
          <reporter-output>
          </reporter-output>
        </test-method> <!-- setup -->
        <test-method status="PASS" signature="scenario(io.cucumber.testng.PickleWrapper,io.cucumber.testng.FeatureWrapper)[pri:0, instance:cucumber.tests.TestRunner@76a82f33]" name="scenario" duration-ms="17845" started-at="2022-08-13T00:04:42 ICT" description="Run Cucumber Features." data-provider="scenarios" finished-at="2022-08-13T00:04:59 ICT">
          <params>
            <param index="0">
              <value>
                <![CDATA["User can delete the Alarm that has been created"]]>
              </value>
            </param>
            <param index="1">
              <value>
                <![CDATA["Optional[Set Alarm]"]]>
              </value>
            </param>
          </params>
          <reporter-output>
          </reporter-output>
        </test-method> <!-- scenario -->
        <test-method status="PASS" signature="teardown()[pri:0, instance:cucumber.tests.TestRunner@76a82f33]" name="teardown" is-config="true" duration-ms="2001" started-at="2022-08-13T00:04:59 ICT" finished-at="2022-08-13T00:05:01 ICT">
          <reporter-output>
          </reporter-output>
        </test-method> <!-- teardown -->
        <test-method status="PASS" signature="tearDownClass()[pri:0, instance:cucumber.tests.TestRunner@76a82f33]" name="tearDownClass" is-config="true" duration-ms="2669" started-at="2022-08-13T00:05:01 ICT" finished-at="2022-08-13T00:05:04 ICT">
          <reporter-output>
          </reporter-output>
        </test-method> <!-- tearDownClass -->
      </class> <!-- cucumber.tests.TestRunner -->
    </test> <!-- 127.0.0.1:21503 -->
    <test name="RR8R20CTGBP" duration-ms="78145" started-at="2022-08-13T00:03:50 ICT" finished-at="2022-08-13T00:05:09 ICT">
      <class name="cucumber.tests.TestRunner">
        <test-method status="PASS" signature="setUpClass()[pri:0, instance:cucumber.tests.TestRunner@24f360b2]" name="setUpClass" is-config="true" duration-ms="2194" started-at="2022-08-13T00:03:51 ICT" finished-at="2022-08-13T00:03:53 ICT">
          <reporter-output>
          </reporter-output>
        </test-method> <!-- setUpClass -->
        <test-method status="PASS" signature="setup(java.lang.String,java.lang.String)[pri:0, instance:cucumber.tests.TestRunner@24f360b2]" name="setup" is-config="true" duration-ms="17383" started-at="2022-08-13T00:03:53 ICT" finished-at="2022-08-13T00:04:10 ICT">
          <params>
            <param index="0">
              <value>
                <![CDATA[RR8R20CTGBP]]>
              </value>
            </param>
            <param index="1">
              <value>
                <![CDATA[11]]>
              </value>
            </param>
          </params>
          <reporter-output>
          </reporter-output>
        </test-method> <!-- setup -->
        <test-method status="PASS" signature="scenario(io.cucumber.testng.PickleWrapper,io.cucumber.testng.FeatureWrapper)[pri:0, instance:cucumber.tests.TestRunner@24f360b2]" name="scenario" duration-ms="15892" started-at="2022-08-13T00:04:11 ICT" description="Run Cucumber Features." data-provider="scenarios" finished-at="2022-08-13T00:04:27 ICT">
          <params>
            <param index="0">
              <value>
                <![CDATA["User can set alarm to 05.30AM"]]>
              </value>
            </param>
            <param index="1">
              <value>
                <![CDATA["Optional[Set Alarm]"]]>
              </value>
            </param>
          </params>
          <reporter-output>
          </reporter-output>
        </test-method> <!-- scenario -->
        <test-method status="PASS" signature="teardown()[pri:0, instance:cucumber.tests.TestRunner@24f360b2]" name="teardown" is-config="true" duration-ms="2000" started-at="2022-08-13T00:04:27 ICT" finished-at="2022-08-13T00:04:29 ICT">
          <reporter-output>
          </reporter-output>
        </test-method> <!-- teardown -->
        <test-method status="PASS" signature="setup(java.lang.String,java.lang.String)[pri:0, instance:cucumber.tests.TestRunner@24f360b2]" name="setup" is-config="true" duration-ms="13837" started-at="2022-08-13T00:04:29 ICT" finished-at="2022-08-13T00:04:43 ICT">
          <params>
            <param index="0">
              <value>
                <![CDATA[RR8R20CTGBP]]>
              </value>
            </param>
            <param index="1">
              <value>
                <![CDATA[11]]>
              </value>
            </param>
          </params>
          <reporter-output>
          </reporter-output>
        </test-method> <!-- setup -->
        <test-method status="PASS" signature="scenario(io.cucumber.testng.PickleWrapper,io.cucumber.testng.FeatureWrapper)[pri:0, instance:cucumber.tests.TestRunner@24f360b2]" name="scenario" duration-ms="22818" started-at="2022-08-13T00:04:43 ICT" description="Run Cucumber Features." data-provider="scenarios" finished-at="2022-08-13T00:05:06 ICT">
          <params>
            <param index="0">
              <value>
                <![CDATA["User can delete the Alarm that has been created"]]>
              </value>
            </param>
            <param index="1">
              <value>
                <![CDATA["Optional[Set Alarm]"]]>
              </value>
            </param>
          </params>
          <reporter-output>
          </reporter-output>
        </test-method> <!-- scenario -->
        <test-method status="PASS" signature="teardown()[pri:0, instance:cucumber.tests.TestRunner@24f360b2]" name="teardown" is-config="true" duration-ms="2001" started-at="2022-08-13T00:05:06 ICT" finished-at="2022-08-13T00:05:08 ICT">
          <reporter-output>
          </reporter-output>
        </test-method> <!-- teardown -->
        <test-method status="PASS" signature="tearDownClass()[pri:0, instance:cucumber.tests.TestRunner@24f360b2]" name="tearDownClass" is-config="true" duration-ms="1037" started-at="2022-08-13T00:05:08 ICT" finished-at="2022-08-13T00:05:09 ICT">
          <reporter-output>
          </reporter-output>
        </test-method> <!-- tearDownClass -->
      </class> <!-- cucumber.tests.TestRunner -->
    </test> <!-- RR8R20CTGBP -->
  </suite> <!-- Clock-Test-Suite -->
</testng-results>
